<?xml version="1.0" encoding="UTF-8"?>
<!-- Generated by org.testng.reporters.JUnitReportReporter -->
<testsuite hostname="ANDREW-PC" name="com.qtpselenium.framework.datadriven.portfolio.Test4" tests="1" failures="0" timestamp="14 Aug 2015 00:04:23 GMT" time="0.000" errors="0">
  <testcase name="Test4" time="0.000" classname="com.qtpselenium.framework.datadriven.portfolio.Test4"/>
</testsuite> <!-- com.qtpselenium.framework.datadriven.portfolio.Test4 -->
